[      52ms] [WARNING] [Vue Router warn]: The `next()` callback in navigation guards is deprecated. Return the value instead of calling `next(value)`. @ http://localhost:5173/@fs/home/marco/Webentwicklung/keepomat/node_modules/.vite/deps/vue-router.js?v=52eace96:3775
[     172ms] [VERBOSE] [DOM] Password field is not contained in a form: (More info: https://goo.gl/9p2vKq) @ http://localhost:5173/admin:0
[   45466ms] [ERROR] Failed to load resource: the server responded with a status of 502 (Bad Gateway) @ http://localhost:5173/api/admin/stats:0
[   45466ms] [ERROR] Failed to load resource: the server responded with a status of 502 (Bad Gateway) @ http://localhost:5173/api/admin/users:0
[   45466ms] [ERROR] Failed to load resource: the server responded with a status of 502 (Bad Gateway) @ http://localhost:5173/api/admin/settings:0
[   45466ms] [ERROR] Failed to load resource: the server responded with a status of 502 (Bad Gateway) @ http://localhost:5173/api/folders/tree:0
[   45467ms] [WARNING] [Vue warn]: Unhandled error during execution of mounted hook 
  at <AppLayout onVnodeUnmounted=fn<onVnodeUnmounted> ref=Ref< Proxy(Object) > > 
  at <RouterView> 
  at <App> @ http://localhost:5173/@fs/home/marco/Webentwicklung/keepomat/node_modules/.vite/deps/vue.runtime.esm-bundler-DaROHT9e.js?v=52eace96:1735
[   45467ms] [ERROR] Failed to load resource: the server responded with a status of 502 (Bad Gateway) @ http://localhost:5173/api/settings:0
[   45472ms] Error: Fehler beim Laden
    at Proxy.fetchTree (http://localhost:5173/stores/folders.ts:12:23)
    at async Promise.all (index 0)
    at async http://localhost:5173/views/AppLayout.vue?t=1775412835727:50:4
[   45490ms] [ERROR] Failed to load resource: the server responded with a status of 502 (Bad Gateway) @ http://localhost:5173/api/admin/stats:0
[   45490ms] [ERROR] Failed to load resource: the server responded with a status of 502 (Bad Gateway) @ http://localhost:5173/api/admin/users:0
[   45491ms] [ERROR] Failed to load resource: the server responded with a status of 502 (Bad Gateway) @ http://localhost:5173/api/admin/settings:0
[   45491ms] [ERROR] Failed to load resource: the server responded with a status of 502 (Bad Gateway) @ http://localhost:5173/api/folders/tree:0
[   45491ms] [WARNING] [Vue warn]: Unhandled error during execution of mounted hook 
  at <AppLayout onVnodeUnmounted=fn<onVnodeUnmounted> ref=Ref< Proxy(Object) > > 
  at <RouterView> 
  at <App> @ http://localhost:5173/@fs/home/marco/Webentwicklung/keepomat/node_modules/.vite/deps/vue.runtime.esm-bundler-DaROHT9e.js?v=52eace96:1735
[   45491ms] [ERROR] Failed to load resource: the server responded with a status of 502 (Bad Gateway) @ http://localhost:5173/api/settings:0
[   45496ms] Error: Fehler beim Laden
    at Proxy.fetchTree (http://localhost:5173/stores/folders.ts:12:23)
    at async Promise.all (index 0)
    at async http://localhost:5173/views/AppLayout.vue?t=1775412835742:50:4
[   45553ms] [VERBOSE] [DOM] Password field is not contained in a form: (More info: https://goo.gl/9p2vKq) %o @ http://localhost:5173/admin:0
[  138449ms] [LOG] [vite] server connection lost. Polling for restart... @ http://localhost:5173/@vite/client:968
[  140706ms] [WARNING] [Vue Router warn]: The `next()` callback in navigation guards is deprecated. Return the value instead of calling `next(value)`. @ http://localhost:5173/@fs/home/marco/Webentwicklung/keepomat/node_modules/.vite/deps/vue-router.js?v=52eace96:3775
[  140943ms] [VERBOSE] [DOM] Password field is not contained in a form: (More info: https://goo.gl/9p2vKq) @ http://localhost:5173/admin:0
