[      54ms] [WARNING] [Vue Router warn]: The `next()` callback in navigation guards is deprecated. Return the value instead of calling `next(value)`. @ http://localhost:5173/@fs/home/marco/Webentwicklung/keepomat/node_modules/.vite/deps/vue-router.js?v=265f7e00:3775
[   18138ms] [WARNING] [Vue Router warn]: The `next()` callback in navigation guards is deprecated. Return the value instead of calling `next(value)`. @ http://localhost:5173/@fs/home/marco/Webentwicklung/keepomat/node_modules/.vite/deps/vue-router.js?v=265f7e00:3775
[  161968ms] [ERROR] Failed to load resource: the server responded with a status of 502 (Bad Gateway) @ http://localhost:5173/api/bookmarks?limit=20&offset=0&tagId=7:0
[  161969ms] [ERROR] Failed to load resource: the server responded with a status of 502 (Bad Gateway) @ http://localhost:5173/api/tags:0
[  161969ms] [ERROR] Failed to load resource: the server responded with a status of 502 (Bad Gateway) @ http://localhost:5173/api/folders/tree:0
[  161970ms] [WARNING] [Vue warn]: Unhandled error during execution of mounted hook 
  at <AppLayout onVnodeUnmounted=fn<onVnodeUnmounted> ref=Ref< Proxy(Object) > > 
  at <RouterView> 
  at <App> @ http://localhost:5173/@fs/home/marco/Webentwicklung/keepomat/node_modules/.vite/deps/vue.runtime.esm-bundler-DaROHT9e.js?v=265f7e00:1735
[  161971ms] [ERROR] Failed to load resource: the server responded with a status of 502 (Bad Gateway) @ http://localhost:5173/api/settings:0
[  161979ms] Error: Fehler beim Laden
    at Proxy.fetchBookmarks (http://localhost:5173/stores/bookmarks.ts:18:23)
    at async loadBookmarks (http://localhost:5173/views/BookmarksView.vue?t=1775421349075:57:4)
[  161980ms] Error: Fehler beim Laden
    at Proxy.fetchTree (http://localhost:5173/stores/folders.ts:12:23)
    at async Promise.all (index 0)
    at async http://localhost:5173/views/AppLayout.vue?t=1775421349075:50:4
[  162034ms] [ERROR] Failed to load resource: the server responded with a status of 502 (Bad Gateway) @ http://localhost:5173/api/bookmarks?limit=20&offset=0&tagId=7:0
[  162038ms] [ERROR] Failed to load resource: the server responded with a status of 502 (Bad Gateway) @ http://localhost:5173/api/tags:0
[  162038ms] [ERROR] Failed to load resource: the server responded with a status of 502 (Bad Gateway) @ http://localhost:5173/api/folders/tree:0
[  162039ms] [WARNING] [Vue warn]: Unhandled error during execution of mounted hook 
  at <AppLayout onVnodeUnmounted=fn<onVnodeUnmounted> ref=Ref< Proxy(Object) > > 
  at <RouterView> 
  at <App> @ http://localhost:5173/@fs/home/marco/Webentwicklung/keepomat/node_modules/.vite/deps/vue.runtime.esm-bundler-DaROHT9e.js?v=265f7e00:1735
[  162040ms] [ERROR] Failed to load resource: the server responded with a status of 502 (Bad Gateway) @ http://localhost:5173/api/settings:0
[  162049ms] Error: Fehler beim Laden
    at Proxy.fetchBookmarks (http://localhost:5173/stores/bookmarks.ts:18:23)
    at async loadBookmarks (http://localhost:5173/views/BookmarksView.vue?t=1775421349078:57:4)
[  162050ms] Error: Fehler beim Laden
    at Proxy.fetchTree (http://localhost:5173/stores/folders.ts:12:23)
    at async Promise.all (index 0)
    at async http://localhost:5173/views/AppLayout.vue?t=1775421349078:50:4
[  162133ms] [ERROR] Failed to load resource: the server responded with a status of 502 (Bad Gateway) @ http://localhost:5173/api/auth/get-session:0
[  162134ms] [WARNING] [Vue Router warn]: The `next()` callback in navigation guards is deprecated. Return the value instead of calling `next(value)`. @ http://localhost:5173/@fs/home/marco/Webentwicklung/keepomat/node_modules/.vite/deps/vue-router.js?v=265f7e00:3775
[  162134ms] [WARNING] [Vue Router warn]: The `next()` callback in navigation guards is deprecated. Return the value instead of calling `next(value)`. @ http://localhost:5173/@fs/home/marco/Webentwicklung/keepomat/node_modules/.vite/deps/vue-router.js?v=265f7e00:3775
[  162255ms] [VERBOSE] [DOM] Input elements should have autocomplete attributes (suggested: "current-password"): (More info: https://goo.gl/9p2vKq) %o @ http://localhost:5173/login?redirect=/bookmarks?tag=7:0
[  589624ms] [VERBOSE] [DOM] Input elements should have autocomplete attributes (suggested: "current-password"): (More info: https://goo.gl/9p2vKq) %o @ http://localhost:5173/login?redirect=/bookmarks?tag=7:0
[  615853ms] [LOG] [vite] server connection lost. Polling for restart... @ http://localhost:5173/@vite/client:968
[  622055ms] [WARNING] [Vue Router warn]: The `next()` callback in navigation guards is deprecated. Return the value instead of calling `next(value)`. @ http://localhost:5173/@fs/home/marco/Webentwicklung/keepomat/node_modules/.vite/deps/vue-router.js?v=265f7e00:3775
[  622056ms] [WARNING] [Vue Router warn]: The `next()` callback in navigation guards is deprecated. Return the value instead of calling `next(value)`. @ http://localhost:5173/@fs/home/marco/Webentwicklung/keepomat/node_modules/.vite/deps/vue-router.js?v=265f7e00:3775
[ 1985429ms] [ERROR] Failed to load resource: the server responded with a status of 502 (Bad Gateway) @ http://localhost:5173/api/bookmarks?limit=1:0
[ 1985430ms] [ERROR] Failed to load resource: the server responded with a status of 502 (Bad Gateway) @ http://localhost:5173/api/bookmarks?limit=5&sort=createdAt&order=desc:0
[ 1985431ms] [ERROR] Failed to load resource: the server responded with a status of 502 (Bad Gateway) @ http://localhost:5173/api/bookmarks?limit=5&isFavorite=true:0
[ 1985432ms] [ERROR] Failed to load resource: the server responded with a status of 502 (Bad Gateway) @ http://localhost:5173/api/folders/tree:0
[ 1985432ms] [WARNING] [Vue warn]: Unhandled error during execution of mounted hook 
  at <AppLayout onVnodeUnmounted=fn<onVnodeUnmounted> ref=Ref< Proxy(Object) > > 
  at <RouterView> 
  at <App> @ http://localhost:5173/@fs/home/marco/Webentwicklung/keepomat/node_modules/.vite/deps/vue.runtime.esm-bundler-DaROHT9e.js?v=265f7e00:1735
[ 1985432ms] [ERROR] Failed to load resource: the server responded with a status of 502 (Bad Gateway) @ http://localhost:5173/api/settings:0
[ 1985440ms] Error: Fehler beim Laden
    at Proxy.fetchTree (http://localhost:5173/stores/folders.ts:12:23)
    at async Promise.all (index 0)
    at async http://localhost:5173/views/AppLayout.vue?t=1775423172563:50:4
[ 1985466ms] [ERROR] Failed to load resource: the server responded with a status of 502 (Bad Gateway) @ http://localhost:5173/api/folders:0
[ 1985466ms] [ERROR] Failed to load resource: the server responded with a status of 502 (Bad Gateway) @ http://localhost:5173/api/tags:0
[ 1985488ms] [ERROR] Failed to load resource: the server responded with a status of 502 (Bad Gateway) @ http://localhost:5173/api/bookmarks?limit=1:0
[ 1985488ms] [ERROR] Failed to load resource: the server responded with a status of 502 (Bad Gateway) @ http://localhost:5173/api/bookmarks?limit=5&sort=createdAt&order=desc:0
[ 1985489ms] [ERROR] Failed to load resource: the server responded with a status of 502 (Bad Gateway) @ http://localhost:5173/api/bookmarks?limit=5&isFavorite=true:0
[ 1985490ms] [ERROR] Failed to load resource: the server responded with a status of 502 (Bad Gateway) @ http://localhost:5173/api/folders/tree:0
[ 1985490ms] [WARNING] [Vue warn]: Unhandled error during execution of mounted hook 
  at <AppLayout onVnodeUnmounted=fn<onVnodeUnmounted> ref=Ref< Proxy(Object) > > 
  at <RouterView> 
  at <App> @ http://localhost:5173/@fs/home/marco/Webentwicklung/keepomat/node_modules/.vite/deps/vue.runtime.esm-bundler-DaROHT9e.js?v=265f7e00:1735
[ 1985490ms] [ERROR] Failed to load resource: the server responded with a status of 502 (Bad Gateway) @ http://localhost:5173/api/settings:0
[ 1985501ms] Error: Fehler beim Laden
    at Proxy.fetchTree (http://localhost:5173/stores/folders.ts:12:23)
    at async Promise.all (index 0)
    at async http://localhost:5173/views/AppLayout.vue?t=1775423172643:50:4
[ 1985495ms] [ERROR] Failed to load resource: the server responded with a status of 502 (Bad Gateway) @ http://localhost:5173/api/folders:0
[ 1985495ms] [ERROR] Failed to load resource: the server responded with a status of 502 (Bad Gateway) @ http://localhost:5173/api/tags:0
[ 3097567ms] [ERROR] Dashboard-Daten laden fehlgeschlagen: TypeError: Failed to fetch
    at http://localhost:5173/views/DashboardView.vue?t=1775423172643:22:6
    at http://localhost:5173/@fs/home/marco/Webentwicklung/keepomat/node_modules/.vite/deps/vue.runtime.esm-bundler-DaROHT9e.js?v=265f7e00:3782:87
    at callWithErrorHandling (http://localhost:5173/@fs/home/marco/Webentwicklung/keepomat/node_modules/.vite/deps/vue.runtime.esm-bundler-DaROHT9e.js?v=265f7e00:1873:17)
    at callWithAsyncErrorHandling (http://localhost:5173/@fs/home/marco/Webentwicklung/keepomat/node_modules/.vite/deps/vue.runtime.esm-bundler-DaROHT9e.js?v=265f7e00:1880:15)
    at hook.__weh.hook.__weh (http://localhost:5173/@fs/home/marco/Webentwicklung/keepomat/node_modules/.vite/deps/vue.runtime.esm-bundler-DaROHT9e.js?v=265f7e00:3771:16)
    at flushPostFlushCbs (http://localhost:5173/@fs/home/marco/Webentwicklung/keepomat/node_modules/.vite/deps/vue.runtime.esm-bundler-DaROHT9e.js?v=265f7e00:2005:25)
    at flushJobs (http://localhost:5173/@fs/home/marco/Webentwicklung/keepomat/node_modules/.vite/deps/vue.runtime.esm-bundler-DaROHT9e.js?v=265f7e00:2033:3) @ http://localhost:5173/views/DashboardView.vue?t=1775423172643:48
[ 3097568ms] [WARNING] [Vue warn]: Unhandled error during execution of mounted hook 
  at <AppLayout onVnodeUnmounted=fn<onVnodeUnmounted> ref=Ref< Proxy(Object) > > 
  at <RouterView> 
  at <App> @ http://localhost:5173/@fs/home/marco/Webentwicklung/keepomat/node_modules/.vite/deps/vue.runtime.esm-bundler-DaROHT9e.js?v=265f7e00:1735
[ 3097729ms] [WARNING] [Vue Router warn]: The `next()` callback in navigation guards is deprecated. Return the value instead of calling `next(value)`. @ http://localhost:5173/@fs/home/marco/Webentwicklung/keepomat/node_modules/.vite/deps/vue-router.js?v=dc08278a:3775
[ 4258528ms] [LOG] [vite] server connection lost. Polling for restart... @ http://localhost:5173/@vite/client:968
[ 4266918ms] [WARNING] [Vue Router warn]: The `next()` callback in navigation guards is deprecated. Return the value instead of calling `next(value)`. @ http://localhost:5173/@fs/home/marco/Webentwicklung/keepomat/node_modules/.vite/deps/vue-router.js?v=dc08278a:3775
[ 4601140ms] [ERROR] Failed to load resource: the server responded with a status of 502 (Bad Gateway) @ http://localhost:5173/api/bookmarks?limit=1:0
[ 4601143ms] [ERROR] Failed to load resource: the server responded with a status of 502 (Bad Gateway) @ http://localhost:5173/api/bookmarks?limit=5&sort=createdAt&order=desc:0
[ 4601143ms] [ERROR] Failed to load resource: the server responded with a status of 502 (Bad Gateway) @ http://localhost:5173/api/bookmarks?limit=5&isFavorite=true:0
[ 4601144ms] [ERROR] Failed to load resource: the server responded with a status of 502 (Bad Gateway) @ http://localhost:5173/api/folders/tree:0
[ 4601145ms] [WARNING] [Vue warn]: Unhandled error during execution of mounted hook 
  at <AppLayout onVnodeUnmounted=fn<onVnodeUnmounted> ref=Ref< Proxy(Object) > > 
  at <RouterView> 
  at <App> @ http://localhost:5173/@fs/home/marco/Webentwicklung/keepomat/node_modules/.vite/deps/vue.runtime.esm-bundler-DaROHT9e.js?v=dc08278a:1735
[ 4601146ms] [ERROR] Failed to load resource: the server responded with a status of 502 (Bad Gateway) @ http://localhost:5173/api/settings:0
[ 4601155ms] Error: Fehler beim Laden
    at Proxy.fetchTree (http://localhost:5173/stores/folders.ts:12:23)
    at async Promise.all (index 0)
    at async http://localhost:5173/views/AppLayout.vue?t=1775425788187:93:4
[ 4601159ms] [ERROR] Failed to load resource: the server responded with a status of 502 (Bad Gateway) @ http://localhost:5173/api/folders:0
[ 4601159ms] [ERROR] Failed to load resource: the server responded with a status of 502 (Bad Gateway) @ http://localhost:5173/api/tags:0
[ 4601187ms] [ERROR] Failed to load resource: the server responded with a status of 502 (Bad Gateway) @ http://localhost:5173/api/bookmarks?limit=1:0
[ 4601187ms] [ERROR] Failed to load resource: the server responded with a status of 502 (Bad Gateway) @ http://localhost:5173/api/bookmarks?limit=5&sort=createdAt&order=desc:0
[ 4601188ms] [ERROR] Failed to load resource: the server responded with a status of 502 (Bad Gateway) @ http://localhost:5173/api/bookmarks?limit=5&isFavorite=true:0
[ 4601189ms] [ERROR] Failed to load resource: the server responded with a status of 502 (Bad Gateway) @ http://localhost:5173/api/folders/tree:0
[ 4601189ms] [WARNING] [Vue warn]: Unhandled error during execution of mounted hook 
  at <AppLayout onVnodeUnmounted=fn<onVnodeUnmounted> ref=Ref< Proxy(Object) > > 
  at <RouterView> 
  at <App> @ http://localhost:5173/@fs/home/marco/Webentwicklung/keepomat/node_modules/.vite/deps/vue.runtime.esm-bundler-DaROHT9e.js?v=dc08278a:1735
[ 4601189ms] [ERROR] Failed to load resource: the server responded with a status of 502 (Bad Gateway) @ http://localhost:5173/api/settings:0
[ 4601196ms] Error: Fehler beim Laden
    at Proxy.fetchTree (http://localhost:5173/stores/folders.ts:12:23)
    at async Promise.all (index 0)
    at async http://localhost:5173/views/AppLayout.vue?t=1775425788201:93:4
[ 4601193ms] [ERROR] Failed to load resource: the server responded with a status of 502 (Bad Gateway) @ http://localhost:5173/api/folders:0
[ 4601194ms] [ERROR] Failed to load resource: the server responded with a status of 502 (Bad Gateway) @ http://localhost:5173/api/tags:0
[ 4601264ms] [ERROR] Failed to load resource: the server responded with a status of 502 (Bad Gateway) @ http://localhost:5173/api/bookmarks?limit=1:0
[ 4601264ms] [ERROR] Failed to load resource: the server responded with a status of 502 (Bad Gateway) @ http://localhost:5173/api/bookmarks?limit=5&sort=createdAt&order=desc:0
[ 4601264ms] [ERROR] Failed to load resource: the server responded with a status of 502 (Bad Gateway) @ http://localhost:5173/api/bookmarks?limit=5&isFavorite=true:0
[ 4601264ms] [ERROR] Failed to load resource: the server responded with a status of 502 (Bad Gateway) @ http://localhost:5173/api/folders/tree:0
[ 4601265ms] [WARNING] [Vue warn]: Unhandled error during execution of mounted hook 
  at <AppLayout onVnodeUnmounted=fn<onVnodeUnmounted> ref=Ref< Proxy(Object) > > 
  at <RouterView> 
  at <App> @ http://localhost:5173/@fs/home/marco/Webentwicklung/keepomat/node_modules/.vite/deps/vue.runtime.esm-bundler-DaROHT9e.js?v=dc08278a:1735
[ 4601265ms] [ERROR] Failed to load resource: the server responded with a status of 502 (Bad Gateway) @ http://localhost:5173/api/settings:0
[ 4601277ms] Error: Fehler beim Laden
    at Proxy.fetchTree (http://localhost:5173/stores/folders.ts:12:23)
    at async Promise.all (index 0)
    at async http://localhost:5173/views/AppLayout.vue?t=1775425788213:93:4
[ 4601270ms] [ERROR] Failed to load resource: the server responded with a status of 502 (Bad Gateway) @ http://localhost:5173/api/folders:0
[ 4601271ms] [ERROR] Failed to load resource: the server responded with a status of 502 (Bad Gateway) @ http://localhost:5173/api/tags:0
[ 4945486ms] [ERROR] [vite] SyntaxError: The requested module '/composables/useWebLLM.ts?t=1775426132691' does not provide an export named 'checkWebGPUSupport' @ http://localhost:5173/@vite/client:904
[ 4945486ms] [ERROR] [vite] Failed to reload /components/AddBookmarkModal.vue. This could be due to syntax errors or importing non-existent modules. (see errors above) @ http://localhost:5173/@vite/client:904
[ 4945486ms] [ERROR] [vite] SyntaxError: The requested module '/composables/useWebLLM.ts?t=1775426132691' does not provide an export named 'checkWebGPUSupport' @ http://localhost:5173/@vite/client:904
[ 4945486ms] [ERROR] [vite] Failed to reload /views/AppLayout.vue. This could be due to syntax errors or importing non-existent modules. (see errors above) @ http://localhost:5173/@vite/client:904
[ 5263775ms] [WARNING] [Vue Router warn]: The `next()` callback in navigation guards is deprecated. Return the value instead of calling `next(value)`. @ http://localhost:5173/@fs/home/marco/Webentwicklung/keepomat/node_modules/.vite/deps/vue-router.js?v=dc08278a:3775
[ 5293312ms] [LOG] [vite] server connection lost. Polling for restart... @ http://localhost:5173/@vite/client:968
[ 5299655ms] [WARNING] [Vue Router warn]: The `next()` callback in navigation guards is deprecated. Return the value instead of calling `next(value)`. @ http://localhost:5173/@fs/home/marco/Webentwicklung/keepomat/node_modules/.vite/deps/vue-router.js?v=b6fc3106:3775
[ 5607203ms] [LOG] [vite] server connection lost. Polling for restart... @ http://localhost:5173/@vite/client:968
[ 6692682ms] [WARNING] [Vue Router warn]: The `next()` callback in navigation guards is deprecated. Return the value instead of calling `next(value)`. @ http://localhost:5173/@fs/home/marco/Webentwicklung/keepomat/node_modules/.vite/deps/vue-router.js?v=23ba5797:3775
