[      52ms] [WARNING] [Vue Router warn]: The `next()` callback in navigation guards is deprecated. Return the value instead of calling `next(value)`. @ http://localhost:5173/@fs/home/marco/Webentwicklung/keepomat/node_modules/.vite/deps/vue-router.js?v=52eace96:3775
[     192ms] [VERBOSE] [DOM] Password field is not contained in a form: (More info: https://goo.gl/9p2vKq) %o @ http://localhost:5173/admin:0
[   56325ms] [ERROR] Failed to load resource: the server responded with a status of 502 (Bad Gateway) @ http://localhost:5173/api/admin/users:0
[   56326ms] [ERROR] Failed to load resource: the server responded with a status of 502 (Bad Gateway) @ http://localhost:5173/api/admin/stats:0
[   56327ms] [ERROR] Failed to load resource: the server responded with a status of 502 (Bad Gateway) @ http://localhost:5173/api/admin/settings:0
[   56330ms] [ERROR] Failed to load resource: the server responded with a status of 502 (Bad Gateway) @ http://localhost:5173/api/folders/tree:0
[   56334ms] [WARNING] [Vue warn]: Unhandled error during execution of mounted hook 
  at <AppLayout onVnodeUnmounted=fn<onVnodeUnmounted> ref=Ref< Proxy(Object) > > 
  at <RouterView> 
  at <App> @ http://localhost:5173/@fs/home/marco/Webentwicklung/keepomat/node_modules/.vite/deps/vue.runtime.esm-bundler-DaROHT9e.js?v=52eace96:1735
[   56335ms] [ERROR] Failed to load resource: the server responded with a status of 502 (Bad Gateway) @ http://localhost:5173/api/settings:0
[   56343ms] Error: Fehler beim Laden
    at Proxy.fetchTree (http://localhost:5173/stores/folders.ts:12:23)
    at async Promise.all (index 0)
    at async http://localhost:5173/views/AppLayout.vue?t=1775412539839:50:4
[   56361ms] [ERROR] Failed to load resource: the server responded with a status of 502 (Bad Gateway) @ http://localhost:5173/api/admin/stats:0
[   56361ms] [ERROR] Failed to load resource: the server responded with a status of 502 (Bad Gateway) @ http://localhost:5173/api/admin/users:0
[   56361ms] [ERROR] Failed to load resource: the server responded with a status of 502 (Bad Gateway) @ http://localhost:5173/api/admin/settings:0
[   56361ms] [ERROR] Failed to load resource: the server responded with a status of 502 (Bad Gateway) @ http://localhost:5173/api/folders/tree:0
[   56362ms] [WARNING] [Vue warn]: Unhandled error during execution of mounted hook 
  at <AppLayout onVnodeUnmounted=fn<onVnodeUnmounted> ref=Ref< Proxy(Object) > > 
  at <RouterView> 
  at <App> @ http://localhost:5173/@fs/home/marco/Webentwicklung/keepomat/node_modules/.vite/deps/vue.runtime.esm-bundler-DaROHT9e.js?v=52eace96:1735
[   56362ms] [ERROR] Failed to load resource: the server responded with a status of 502 (Bad Gateway) @ http://localhost:5173/api/settings:0
[   56371ms] Error: Fehler beim Laden
    at Proxy.fetchTree (http://localhost:5173/stores/folders.ts:12:23)
    at async Promise.all (index 0)
    at async http://localhost:5173/views/AppLayout.vue?t=1775412539842:50:4
[   56418ms] [VERBOSE] [DOM] Password field is not contained in a form: (More info: https://goo.gl/9p2vKq) %o @ http://localhost:5173/admin:0
[  285674ms] [ERROR] Failed to load resource: the server responded with a status of 502 (Bad Gateway) @ http://localhost:5173/api/admin/stats:0
[  285674ms] [ERROR] Failed to load resource: the server responded with a status of 502 (Bad Gateway) @ http://localhost:5173/api/admin/users:0
[  285676ms] [ERROR] Failed to load resource: the server responded with a status of 502 (Bad Gateway) @ http://localhost:5173/api/admin/settings:0
[  285676ms] [ERROR] Failed to load resource: the server responded with a status of 502 (Bad Gateway) @ http://localhost:5173/api/folders/tree:0
[  285677ms] [WARNING] [Vue warn]: Unhandled error during execution of mounted hook 
  at <AppLayout onVnodeUnmounted=fn<onVnodeUnmounted> ref=Ref< Proxy(Object) > > 
  at <RouterView> 
  at <App> @ http://localhost:5173/@fs/home/marco/Webentwicklung/keepomat/node_modules/.vite/deps/vue.runtime.esm-bundler-DaROHT9e.js?v=52eace96:1735
[  285677ms] [ERROR] Failed to load resource: the server responded with a status of 502 (Bad Gateway) @ http://localhost:5173/api/settings:0
[  285689ms] Error: Fehler beim Laden
    at Proxy.fetchTree (http://localhost:5173/stores/folders.ts:12:23)
    at async Promise.all (index 0)
    at async http://localhost:5173/views/AppLayout.vue?t=1775412769198:50:4
[  285767ms] [VERBOSE] [DOM] Password field is not contained in a form: (More info: https://goo.gl/9p2vKq) %o @ http://localhost:5173/admin:0
[  285791ms] [ERROR] Failed to load resource: the server responded with a status of 502 (Bad Gateway) @ http://localhost:5173/api/admin/stats:0
[  285791ms] [ERROR] Failed to load resource: the server responded with a status of 502 (Bad Gateway) @ http://localhost:5173/api/admin/users:0
[  285792ms] [ERROR] Failed to load resource: the server responded with a status of 502 (Bad Gateway) @ http://localhost:5173/api/admin/settings:0
[  285794ms] [ERROR] Failed to load resource: the server responded with a status of 502 (Bad Gateway) @ http://localhost:5173/api/folders/tree:0
[  285794ms] [WARNING] [Vue warn]: Unhandled error during execution of mounted hook 
  at <AppLayout onVnodeUnmounted=fn<onVnodeUnmounted> ref=Ref< Proxy(Object) > > 
  at <RouterView> 
  at <App> @ http://localhost:5173/@fs/home/marco/Webentwicklung/keepomat/node_modules/.vite/deps/vue.runtime.esm-bundler-DaROHT9e.js?v=52eace96:1735
[  285794ms] [ERROR] Failed to load resource: the server responded with a status of 502 (Bad Gateway) @ http://localhost:5173/api/settings:0
[  285809ms] Error: Fehler beim Laden
    at Proxy.fetchTree (http://localhost:5173/stores/folders.ts:12:23)
    at async Promise.all (index 0)
    at async http://localhost:5173/views/AppLayout.vue?t=1775412769273:50:4
[  285819ms] [ERROR] Failed to load resource: the server responded with a status of 502 (Bad Gateway) @ http://localhost:5173/api/admin/stats:0
[  285819ms] [ERROR] Failed to load resource: the server responded with a status of 502 (Bad Gateway) @ http://localhost:5173/api/admin/users:0
[  285820ms] [ERROR] Failed to load resource: the server responded with a status of 502 (Bad Gateway) @ http://localhost:5173/api/admin/settings:0
[  285878ms] [VERBOSE] [DOM] Password field is not contained in a form: (More info: https://goo.gl/9p2vKq) %o @ http://localhost:5173/admin:0
[  298566ms] [LOG] [vite] server connection lost. Polling for restart... @ http://localhost:5173/@vite/client:968
[  300817ms] [WARNING] [Vue Router warn]: The `next()` callback in navigation guards is deprecated. Return the value instead of calling `next(value)`. @ http://localhost:5173/@fs/home/marco/Webentwicklung/keepomat/node_modules/.vite/deps/vue-router.js?v=52eace96:3775
[  301056ms] [VERBOSE] [DOM] Password field is not contained in a form: (More info: https://goo.gl/9p2vKq) @ http://localhost:5173/admin:0
